app/build/outputs/mapping/release/mapping.txt
# compiler: R8
# compiler_version: 8.5.10
# min_api: 19
# common_typos_disable
# {"id":"com.android.tools.r8.mapping","version":"2.2"}
# pg_map_id: 5ec1860
# pg_map_hash: SHA-256 5ec18603a4ef1c87c0418ae5462ff080dcd870216411151234a12a9f90b93df4
cafe.bloomify.dietright.twa.Application -> cafe.bloomify.dietright.twa.Application:
# {"id":"sourceFile","fileName":"Application.java"}
cafe.bloomify.dietright.twa.DelegationService -> cafe.bloomify.dietright.twa.DelegationService:
# {"id":"sourceFile","fileName":"DelegationService.java"}
cafe.bloomify.dietright.twa.LauncherActivity -> cafe.bloomify.dietright.twa.LauncherActivity:
# {"id":"sourceFile","fileName":"LauncherActivity.java"}
    1:1:android.net.Uri getLaunchingUrl():0:0 -> h
...
com.google.androidbrowserhelper.trusted.SharedPreferencesTokenStore -> n.A:
# {"id":"sourceFile","fileName":"SharedPreferencesTokenStore.java"}
    android.content.Context mContext -> a
    1:10:void <init>(android.content.Context):0:0 -> <init>
    1:40:void store(androidx.browser.trusted.Token):0:0 -> a
      # {"id":"com.android.tools.r8.residualsignature","signature":"(Lf/j;)V"}
    1:26:androidx.browser.trusted.Token load():0:0 -> b
      # {"id":"com.android.tools.r8.residualsignature","signature":"()Lf/j;"}
com.google.androidbrowserhelper.trusted.SharingUtils -> n.B:
# {"id":"sourceFile","fileName":"SharingUtils.java"}
    1:25:boolean isShareIntent(android.content.Intent):0:0 -> a
    1:42:java.util.List parseAcceptedTypes(java.lang.Object):0:0 -> b
    5:52:java.util.List parseFiles(org.json.JSONArray):0:0 -> c
    1:63:androidx.browser.trusted.sharing.ShareTarget parseShareTargetJson(java.lang.String):0:0 -> d
      # {"id":"com.android.tools.r8.residualsignature","signature":"(Ljava/lang/String;)Lg/b;"}
    1:57:androidx.browser.trusted.sharing.ShareData retrieveShareDataFromIntent(android.content.Intent):0:0 -> e
      # {"id":"com.android.tools.r8.residualsignature","signature":"(Landroid/content/Intent;)Lg/a;"}
com.google.androidbrowserhelper.trusted.TwaLauncher -> n.H:
# {"id":"sourceFile","fileName":"TwaLauncher.java"}
    android.content.Context mContext -> a
    java.lang.String mProviderPackage -> b
    int mLaunchMode -> c
    int mSessionId -> d
    com.google.androidbrowserhelper.trusted.TwaLauncher$TwaCustomTabsServiceConnection mServiceConnection -> e
      # {"id":"com.android.tools.r8.residualsignature","signature":"Ln/H$b;"}
    androidx.browser.customtabs.CustomTabsSession mSession -> f
      # {"id":"com.android.tools.r8.residualsignature","signature":"Le/f;"}
    androidx.browser.trusted.TokenStore mTokenStore -> g
      # {"id":"com.android.tools.r8.residualsignature","signature":"Lf/m;"}
    boolean mDestroyed -> h
    com.google.androidbrowserhelper.trusted.TwaLauncher$FallbackStrategy CCT_FALLBACK_STRATEGY -> i
      # {"id":"com.android.tools.r8.residualsignature","signature":"Ln/H$a;"}
    com.google.androidbrowserhelper.trusted.TwaLauncher$FallbackStrategy WEBVIEW_FALLBACK_STRATEGY -> j
      # {"id":"com.android.tools.r8.residualsignature","signature":"Ln/H$a;"}
    1:15:void <clinit>():0:0 -> <clinit>
    1:1:void <init>(android.content.Context):0:0 -> <init>
    2:2:void <init>(android.content.Context,java.lang.String):0:0 -> <init>
    3:3:void <init>(android.content.Context,java.lang.String,int,androidx.browser.trusted.TokenStore):0:0 -> <init>
com.google.androidbrowserhelper.trusted.TwaLauncher$$ExternalSyntheticLambda0 -> n.C:
# {"id":"sourceFile","fileName":"R8$$SyntheticClass"}
# {"id":"com.android.tools.r8.synthesized"}
    1:1:void n.TwaLauncher$$ExternalSyntheticLambda0.<init>():0:0 -> <init>
      # {"id":"com.android.tools.r8.synthesized"}
    1:1:void n.TwaLauncher$$ExternalSyntheticLambda0.launch(android.content.Context,f.TrustedWebActivityIntentBuilder,java.lang.String,java.lang.Runnable):0:0 -> a
      # {"id":"com.android.tools.r8.synthesized"}
      # {"id":"com.android.tools.r8.residualsignature","signature":"(Landroid/content/Context;Lf/q;Ljava/lang/String;Ljava/lang/Runnable;)V"}
com.google.androidbrowserhelper.trusted.TwaLauncher$$ExternalSyntheticLambda1 -> n.D:
# {"id":"sourceFile","fileName":"R8$$SyntheticClass"}
# {"id":"com.android.tools.r8.synthesized"}
    1:1:void n.TwaLauncher$$ExternalSyntheticLambda1.<init>():0:0 -> <init>
      # {"id":"com.android.tools.r8.synthesized"}
    1:1:void n.TwaLauncher$$ExternalSyntheticLambda1.launch(android.content.Context,f.TrustedWebActivityIntentBuilder,java.lang.String,java.lang.Runnable):0:0 -> a
      # {"id":"com.android.tools.r8.synthesized"}
      # {"id":"com.android.tools.r8.residualsignature","signature":"(Landroid/content/Context;Lf/q;Ljava/lang/String;Ljava/lang/Runnable;)V"}