app/build/outputs/mapping/release/usage.txt
cafe.bloomify.dietright.twa.R$bool
cafe.bloomify.dietright.twa.R$color
cafe.bloomify.dietright.twa.R$drawable
cafe.bloomify.dietright.twa.R$integer
cafe.bloomify.dietright.twa.R$mipmap
cafe.bloomify.dietright.twa.R$raw
cafe.bloomify.dietright.twa.R$string
cafe.bloomify.dietright.twa.R$xml
cafe.bloomify.dietright.twa.R
...
androidx.core.app.AppComponentFactory
androidx.core.app.AppLaunchChecker
androidx.core.app.AppOpsManagerCompat
androidx.core.app.BundleCompat$BundleCompatBaseImpl:
    private static final java.lang.String TAG
    private static java.lang.reflect.Method sGetIBinderMethod
    private static boolean sGetIBinderMethodFetched
    private void <init>()
    public static android.os.IBinder getBinder(android.os.Bundle,java.lang.String)
androidx.core.app.BundleCompat:
    private void <init>()
    public static android.os.IBinder getBinder(android.os.Bundle,java.lang.String)
androidx.core.app.ComponentActivity$ExtraData
androidx.core.app.ComponentActivity
androidx.core.app.DialogCompat
androidx.core.app.FrameMetricsAggregator$FrameMetricsApi24Impl$1
androidx.core.app.FrameMetricsAggregator$FrameMetricsApi24Impl
androidx.core.app.FrameMetricsAggregator$FrameMetricsBaseImpl
androidx.core.app.FrameMetricsAggregator$MetricType
androidx.core.app.FrameMetricsAggregator
androidx.core.app.JobIntentService$CommandProcessor
androidx.core.app.JobIntentService$CompatJobEngine
androidx.core.app.JobIntentService$CompatWorkEnqueuer
androidx.core.app.JobIntentService$CompatWorkItem
androidx.core.app.JobIntentService$GenericWorkItem
androidx.core.app.JobIntentService$JobServiceEngineImpl$WrapperWorkItem
androidx.core.app.JobIntentService$JobServiceEngineImpl
androidx.core.app.JobIntentService$JobWorkEnqueuer
androidx.core.app.JobIntentService$WorkEnqueuer
androidx.core.app.JobIntentService
androidx.core.app.NavUtils
androidx.core.app.NotificationBuilderWithBuilderAccessor
androidx.core.app.NotificationCompat$Action$Builder
androidx.core.app.NotificationCompat$Action$Extender
androidx.core.app.NotificationCompat$Action$SemanticAction
androidx.core.app.NotificationCompat$Action$WearableExtender
androidx.core.app.NotificationCompat$Action
androidx.core.app.NotificationCompat$BadgeIconType
androidx.core.app.NotificationCompat$BigPictureStyle
androidx.core.app.NotificationCompat$BigTextStyle
androidx.core.app.NotificationCompat$Builder
androidx.core.app.NotificationCompat$CarExtender$UnreadConversation$Builder
androidx.core.app.NotificationCompat$CarExtender$UnreadConversation
androidx.core.app.NotificationCompat$CarExtender
androidx.core.app.NotificationCompat$DecoratedCustomViewStyle
androidx.core.app.NotificationCompat$Extender
androidx.core.app.NotificationCompat$GroupAlertBehavior
androidx.core.app.NotificationCompat$InboxStyle
androidx.core.app.NotificationCompat$MessagingStyle$Message
androidx.core.app.NotificationCompat$MessagingStyle
androidx.core.app.NotificationCompat$NotificationVisibility
androidx.core.app.NotificationCompat$StreamType
androidx.core.app.NotificationCompat$Style
androidx.core.app.NotificationCompat$WearableExtender
androidx.core.app.NotificationCompat
androidx.core.app.NotificationCompatBuilder
androidx.core.app.NotificationCompatExtras
androidx.core.app.NotificationCompatJellybean
androidx.core.app.NotificationCompatSideChannelService$NotificationSideChannelStub
androidx.core.app.NotificationCompatSideChannelService
androidx.core.app.NotificationManagerCompat$CancelTask
androidx.core.app.NotificationManagerCompat$NotifyTask
androidx.core.app.NotificationManagerCompat$ServiceConnectedEvent
androidx.core.app.NotificationManagerCompat$SideChannelManager$ListenerRecord
androidx.core.app.NotificationManagerCompat$SideChannelManager
androidx.core.app.NotificationManagerCompat$Task